[19:17:59] [main/INFO]: Loading tweak class name optifine.OptiFineTweaker
[19:17:59] [main/INFO]: Using primary tweak class name optifine.OptiFineTweaker
[19:17:59] [main/INFO]: Loading tweak class name org.tlauncher.tweaker.Tweaker
[19:17:59] [main/INFO]: Calling tweak class optifine.OptiFineTweaker
[19:17:59] [main/INFO]: [OptiFine] OptiFineTweaker: acceptOptions
[19:17:59] [main/INFO]: [OptiFine] OptiFineTweaker: injectIntoClassLoader
[19:17:59] [main/INFO]: [OptiFine] OptiFine ClassTransformer
[19:17:59] [main/INFO]: [OptiFine] OptiFine ZIP file: C:\Users\tusha\AppData\Roaming\.minecraft\libraries\optifine\OptiFine\1.21.4_HD_U_J3_pre2\OptiFine-1.21.4_HD_U_J3_pre2.jar
[19:17:59] [main/INFO]: Calling tweak class org.tlauncher.tweaker.Tweaker
[19:17:59] [main/INFO]: [OptiFine] OptiFineTweaker: getLaunchArguments
[19:17:59] [main/INFO]: [OptiFine] OptiFineTweaker: getLaunchTarget
[19:18:00] [main/INFO]: Launching wrapped minecraft [net.minecraft.client.main.Main]
[19:18:02] [Datafixer Bootstrap/INFO]: 243 Datafixer optimizations took 928 milliseconds
[19:18:02] [main/WARN]: Invalid registry value type detected for PerfOS counters. Should be REG_DWORD. Ignoring: HKEY_LOCAL_MACHINE\SYSTEM\CurrentControlSet\Services\PerfOS\Performance\Disable Performance Counters.
[19:18:03] [main/INFO]: [OptiFine] (Reflector) Method not present: net.minecraftforge.common.extensions.IForgeEntity.canUpdate
[19:18:03] [main/INFO]: [OptiFine] (Reflector) Class not present: net.minecraftforge.logging.CrashReportExtender
[19:18:04] [main/INFO]: [OptiFine] (Reflector) Method not present: awy.create
[19:18:10] [Render thread/INFO]: Environment: Environment[sessionHost=https://sessionserver.mojang.com, servicesHost=https://api.minecraftservices.com, name=PROD]
[19:18:10] [Render thread/INFO]: Setting user: SaStAJaDDu
[19:18:10] [Render thread/INFO]: [OptiFine] (Reflector) Class not present: net.minecraftforge.client.settings.KeyConflictContext
[19:18:10] [Render thread/INFO]: [OptiFine] (Reflector) Method not present: fli.getKeyModifier
[19:18:10] [Render thread/INFO]: [OptiFine] (Reflector) Class not present: net.minecraftforge.client.settings.KeyModifier
[19:18:10] [Render thread/INFO]: [OptiFine] (Reflector) Class not present: net.minecraftforge.versions.forge.ForgeVersion
[19:18:10] [Render thread/INFO]: Backend library: LWJGL version 3.3.3+5
[19:18:10] [Render thread/INFO]: [OptiFine] (Reflector) Class not present: net.minecraftforge.internal.BrandingControl
[19:18:10] [Render thread/INFO]: [OptiFine] (Reflector) Class not present: net.minecraftforge.fml.loading.ImmediateWindowHandler
[19:18:12] [Render thread/WARN]: [OptiFine] (Reflector) java.lang.ClassNotFoundException: sun.misc.SharedSecrets
[19:18:12] [Render thread/WARN]: [OptiFine] (Reflector) java.lang.ClassNotFoundException: jdk.internal.misc.SharedSecrets
[19:18:12] [Render thread/WARN]: [OptiFine] (Reflector) java.lang.ClassNotFoundException: sun.misc.VM
[19:18:12] [Render thread/WARN]: [OptiFine] (Reflector) java.lang.reflect.InaccessibleObjectException: Unable to make public static long jdk.internal.misc.VM.maxDirectMemory() accessible: module java.base does not "exports jdk.internal.misc" to unnamed module @1f7076bc
[19:18:12] [Render thread/INFO]: [OptiFine] 
[19:18:12] [Render thread/INFO]: [OptiFine] OptiFine_1.21.4_HD_U_J3_pre2
[19:18:12] [Render thread/INFO]: [OptiFine] Build: 20241204-160551
[19:18:12] [Render thread/INFO]: [OptiFine] OS: Windows 10 (amd64) version 10.0
[19:18:12] [Render thread/INFO]: [OptiFine] Java: 21.0.7, Microsoft
[19:18:12] [Render thread/INFO]: [OptiFine] VM: OpenJDK 64-Bit Server VM (mixed mode), Microsoft
[19:18:12] [Render thread/INFO]: [OptiFine] LWJGL: 3.4.0 Win32 WGL Null EGL OSMesa VisualC DLL
[19:18:12] [Render thread/INFO]: [OptiFine] OpenGL: NVIDIA GeForce GTX 1650 Ti/PCIe/SSE2, version 3.2.0 NVIDIA 581.83, NVIDIA Corporation
[19:18:12] [Render thread/INFO]: [OptiFine] OpenGL Version: 3.2.0
[19:18:12] [Render thread/INFO]: [OptiFine] Maximum texture size: 32768x32768
[19:18:12] [VersionCheck/INFO]: [OptiFine] Checking for new version
[19:18:12] [Render thread/INFO]: [Shaders] OpenGL Version: 3.2.0 NVIDIA 581.83
[19:18:12] [Render thread/INFO]: [Shaders] Vendor:  NVIDIA Corporation
[19:18:12] [Render thread/INFO]: [Shaders] Renderer: NVIDIA GeForce GTX 1650 Ti/PCIe/SSE2
[19:18:12] [Render thread/INFO]: [Shaders] Capabilities:  2.0  2.1  3.0  3.2  - 
[19:18:12] [Render thread/INFO]: [Shaders] GL_MAX_DRAW_BUFFERS: 8
[19:18:12] [Render thread/INFO]: [Shaders] GL_MAX_COLOR_ATTACHMENTS: 8
[19:18:12] [Render thread/INFO]: [Shaders] GL_MAX_TEXTURE_IMAGE_UNITS: 32
[19:18:12] [Render thread/INFO]: [Shaders] Load shaders configuration.
[19:18:12] [Render thread/INFO]: [Shaders] Loaded shaderpack: BlendHerr31.zip
[19:18:12] [Render thread/INFO]: [OptiFine] [Shaders] Worlds: -1, 0, 1
[19:18:12] [Render thread/INFO]: [OptiFine] (Reflector) Class not present: net.minecraftforge.fml.ModList
[19:18:12] [Render thread/INFO]: [OptiFine] Using legacy block aliases: flattening_ids.txt
[19:18:12] [Render thread/WARN]: [OptiFine] Invalid block name (162): minecraft:grass
[19:18:13] [Render thread/INFO]: [OptiFine] Legacy block aliases: 2751
[19:18:13] [Render thread/INFO]: [OptiFine] (Reflector) Class not present: net.minecraftforge.client.model.IQuadTransformer
[19:18:13] [VersionCheck/INFO]: [OptiFine] Version found: J3
[19:18:13] [Render thread/INFO]: [OptiFine] (Reflector) Class not present: net.minecraftforge.common.MinecraftForge
[19:18:13] [Render thread/INFO]: [OptiFine] (Reflector) Class not present: net.minecraftforge.client.ForgeHooksClient
[19:18:13] [Render thread/INFO]: [OptiFine] (Reflector) Class not present: net.minecraftforge.client.model.lighting.ForgeModelBlockRenderer
[19:18:14] [Render thread/INFO]: Reloading ResourceManager: vanilla
[19:18:14] [Render thread/INFO]: [OptiFine] *** Reloading textures ***
[19:18:14] [Render thread/INFO]: [OptiFine] Resource packs: vanilla
[19:18:14] [Render thread/INFO]: [OptiFine] (Reflector) Class not present: net.minecraftforge.client.model.geometry.GeometryLoaderManager
[19:18:14] [Render thread/INFO]: [OptiFine] *** Reflector Forge ***
[19:18:14] [Render thread/INFO]: [OptiFine] (Reflector) Class not present: net.minecraftforge.client.loading.ClientModLoader
[19:18:14] [Render thread/INFO]: [OptiFine] (Reflector) Class not present: net.minecraftforge.event.level.ChunkEvent$Load
[19:18:14] [Render thread/INFO]: [OptiFine] (Reflector) Class not present: net.minecraftforge.event.level.ChunkEvent$Unload
[19:18:14] [Render thread/INFO]: [OptiFine] (Reflector) Class not present: net.minecraftforge.client.ColorResolverManager
[19:18:14] [Render thread/INFO]: [OptiFine] (Reflector) Class not present: net.minecraftforge.logging.CrashReportAnalyser
[19:18:14] [Render thread/INFO]: [OptiFine] (Reflector) Class not present: net.minecraftforge.client.event.EntityRenderersEvent$CreateSkullModels
[19:18:14] [Render thread/INFO]: [OptiFine] (Reflector) Class not present: net.minecraftforge.client.EntitySpectatorShaderManager
[19:18:14] [Render thread/INFO]: [OptiFine] (Reflector) Class not present: net.minecraftforge.eventbus.api.IEventBus
[19:18:14] [Render thread/INFO]: [OptiFine] (Reflector) Method not present: gnc.getTexture
[19:18:14] [Render thread/INFO]: [OptiFine] (Reflector) Method not present: gni.data
[19:18:14] [Render thread/INFO]: [OptiFine] (Reflector) Method not present: net.minecraftforge.common.extensions.IForgeBlockState.getSoundType
[19:18:14] [Render thread/INFO]: [OptiFine] (Reflector) Method not present: net.minecraftforge.common.extensions.IForgeBlockState.getStateAtViewpoint
[19:18:14] [Render thread/INFO]: [OptiFine] (Reflector) Method not present: net.minecraftforge.common.extensions.IForgeBlockState.shouldDisplayFluidOverlay
[19:18:14] [Render thread/INFO]: [OptiFine] (Reflector) Method not present: net.minecraftforge.common.extensions.IForgeEntity.getEyeInFluidType
[19:18:14] [Render thread/INFO]: [OptiFine] (Reflector) Method not present: net.minecraftforge.common.extensions.IForgeEntity.getParts
[19:18:14] [Render thread/INFO]: [OptiFine] (Reflector) Method not present: net.minecraftforge.common.extensions.IForgeEntity.hasCustomOutlineRendering
[19:18:14] [Render thread/INFO]: [OptiFine] (Reflector) Method not present: net.minecraftforge.common.extensions.IForgeEntity.isMultipartEntity
[19:18:14] [Render thread/INFO]: [OptiFine] (Reflector) Method not present: net.minecraftforge.common.extensions.IForgeEntity.onAddedToWorld
[19:18:14] [Render thread/INFO]: [OptiFine] (Reflector) Method not present: net.minecraftforge.common.extensions.IForgeEntity.onRemovedFromWorld
[19:18:14] [Render thread/INFO]: [OptiFine] (Reflector) Method not present: net.minecraftforge.common.extensions.IForgeEntity.shouldRiderSit
[19:18:14] [Worker-Main-7/INFO]: Found unifont_all_no_pua-16.0.01.hex, loading
[19:18:14] [Render thread/INFO]: [OptiFine] (Reflector) Class not present: net.minecraftforge.event.ForgeEventFactory
[19:18:14] [Render thread/INFO]: [OptiFine] (Reflector) Class not present: net.minecraftforge.client.event.ForgeEventFactoryClient
[19:18:14] [Render thread/INFO]: [OptiFine] (Reflector) Method not present: net.minecraftforge.client.model.ForgeFaceData.calculateNormals
[19:18:14] [Render thread/INFO]: [OptiFine] (Reflector) Class not present: net.minecraftforge.common.ForgeHooks
[19:18:14] [Render thread/INFO]: [OptiFine] (Reflector) Field not present: net.minecraftforge.common.ForgeConfig$Client.experimentalForgeLightPipelineEnabled
[19:18:14] [Render thread/INFO]: [OptiFine] (Reflector) Field not present: net.minecraftforge.common.ForgeConfigSpec.childConfig
[19:18:14] [Render thread/INFO]: [OptiFine] (Reflector) Field not present: net.minecraftforge.common.ForgeConfigSpec$ConfigValue.defaultSupplier
[19:18:14] [Render thread/INFO]: [OptiFine] (Reflector) Field not present: net.minecraftforge.common.ForgeConfigSpec$ConfigValue.spec
[19:18:14] [Render thread/INFO]: [OptiFine] (Reflector) Method not present: net.minecraftforge.common.ForgeConfigSpec$ConfigValue.get
[19:18:14] [Render thread/INFO]: [OptiFine] (Reflector) Method not present: dyt.getWorldForge
[19:18:14] [Render thread/INFO]: [OptiFine] (Reflector) Class not present: net.minecraftforge.common.extensions.IForgeItemStack
[19:18:14] [Render thread/INFO]: [OptiFine] (Reflector) Method not present: fli.setKeyConflictContext
[19:18:14] [Render thread/INFO]: [OptiFine] (Reflector) Method not present: fli.setKeyModifierAndCode
[19:18:14] [Render thread/INFO]: [OptiFine] (Reflector) Field not present: ari.forceTicks
[19:18:14] [Render thread/INFO]: [OptiFine] (Reflector) Method not present: ari.isForceTicks
[19:18:14] [Render thread/INFO]: [OptiFine] (Reflector) Method not present: net.minecraftforge.common.extensions.IForgeBlockEntity.getRenderBoundingBox
[19:18:14] [Render thread/INFO]: [OptiFine] (Reflector) Method not present: net.minecraftforge.common.extensions.IForgeBlockEntity.hasCustomOutlineRendering
[19:18:14] [Render thread/INFO]: [OptiFine] (Reflector) Class not present: net.minecraftforge.client.ItemDecoratorHandler
[19:18:14] [Worker-Main-5/INFO]: [OptiFine] Pre-stitch: minecraft:textures/atlas/signs.png
[19:18:14] [Render thread/INFO]: [OptiFine] (Reflector) Class not present: net.minecraftforge.fml.ModContainer
[19:18:14] [Worker-Main-5/INFO]: [OptiFine] Multitexture: false
[19:18:14] [Render thread/INFO]: [OptiFine] (Reflector) Class not present: net.minecraftforge.client.gui.ModListScreen
[19:18:14] [Worker-Main-6/INFO]: [OptiFine] Pre-stitch: minecraft:textures/atlas/blocks.png
[19:18:14] [Render thread/INFO]: [OptiFine] (Reflector) Class not present: net.minecraftforge.fml.ModLoader
[19:18:14] [Worker-Main-6/INFO]: [OptiFine] Multitexture: false
[19:18:14] [Render thread/INFO]: [OptiFine] (Reflector) Class not present: net.minecraftforge.client.gui.TitleScreenModUpdateIndicator
[19:18:14] [Render thread/INFO]: [OptiFine] (Reflector) Class not present: net.minecraftforge.event.PlayLevelSoundEvent
[19:18:14] [Render thread/INFO]: [OptiFine] (Reflector) Class not present: net.minecraftforge.client.model.pipeline.QuadBakingVertexConsumer
[19:18:14] [Render thread/INFO]: [OptiFine] (Reflector) Class not present: net.minecraftforge.client.model.QuadTransformers
[19:18:14] [Render thread/INFO]: [OptiFine] (Reflector) Class not present: net.minecraftforge.client.event.RenderBlockScreenEffectEvent$OverlayType
[19:18:14] [Render thread/INFO]: [OptiFine] (Reflector) Class not present: net.minecraftforge.client.event.CustomizeGuiOverlayEvent$BossEventProgress
[19:18:14] [Render thread/INFO]: [OptiFine] (Reflector) Class not present: net.minecraftforge.client.event.RenderNameTagEvent
[19:18:14] [Render thread/INFO]: [OptiFine] (Reflector) Class not present: net.minecraftforge.client.event.RenderTooltipEvent
[19:18:14] [Render thread/INFO]: [OptiFine] (Reflector) Class not present: net.minecraftforge.client.event.RenderTooltipEvent$Background
[19:18:14] [Render thread/INFO]: [OptiFine] (Reflector) Class not present: net.minecraftforge.client.event.ScreenshotEvent
[19:18:14] [Worker-Main-5/INFO]: [OptiFine] Sprite size: 64
[19:18:14] [Render thread/INFO]: [OptiFine] (Reflector) Class not present: net.minecraftforge.server.ServerLifecycleHooks
[19:18:14] [Worker-Main-6/INFO]: [OptiFine] ConnectedTextures: optifine/ctm/default/00_glass_white/glass_pane_white.properties
[19:18:14] [Render thread/INFO]: [OptiFine] (Reflector) Method not present: gkh.updateSprite
[19:18:14] [Render thread/INFO]: [OptiFine] *** Reflector Vanilla ***
[19:18:14] [Worker-Main-5/INFO]: [OptiFine] Mipmap levels: 6
[19:18:14] [Worker-Main-6/INFO]: [OptiFine] ConnectedTextures: optifine/ctm/default/00_glass_white/glass_white.properties
[19:18:14] [Worker-Main-6/INFO]: [OptiFine] ConnectedTextures: optifine/ctm/default/01_glass_orange/glass_orange.properties
[19:18:14] [Worker-Main-6/INFO]: [OptiFine] ConnectedTextures: optifine/ctm/default/01_glass_orange/glass_pane_orange.properties
[19:18:14] [Worker-Main-6/INFO]: [OptiFine] ConnectedTextures: optifine/ctm/default/02_glass_magenta/glass_magenta.properties
[19:18:14] [Worker-Main-5/INFO]: [OptiFine] Scaled too small texture: minecraft:missingno, 16 -> 64
[19:18:14] [Render thread/INFO]: [OptiFine] (Reflector) Field not present: gog.(type: class gfe, index: 0)
[19:18:14] [Render thread/INFO]: [OptiFine] (Reflector) Field not present: gog.(type: class gfe, index: 1)
[19:18:14] [Render thread/INFO]: [OptiFine] (Reflector) Field not present: gog.(type: class gfe, index: 2)
[19:18:14] [Worker-Main-6/INFO]: [OptiFine] ConnectedTextures: optifine/ctm/default/02_glass_magenta/glass_pane_magenta.properties
[19:18:14] [Worker-Main-6/INFO]: [OptiFine] ConnectedTextures: optifine/ctm/default/03_glass_light_blue/glass_light_blue.properties
[19:18:14] [Worker-Main-4/INFO]: [OptiFine] Pre-stitch: minecraft:textures/atlas/shield_patterns.png
[19:18:14] [Worker-Main-4/INFO]: [OptiFine] Multitexture: false
[19:18:15] [Worker-Main-6/INFO]: [OptiFine] ConnectedTextures: optifine/ctm/default/03_glass_light_blue/glass_pane_light_blue.properties
[19:18:15] [Worker-Main-6/INFO]: [OptiFine] ConnectedTextures: optifine/ctm/default/04_glass_yellow/glass_pane_yellow.properties
[19:18:15] [Worker-Main-6/INFO]: [OptiFine] ConnectedTextures: optifine/ctm/default/04_glass_yellow/glass_yellow.properties
[19:18:15] [Worker-Main-6/INFO]: [OptiFine] ConnectedTextures: optifine/ctm/default/05_glass_lime/glass_lime.properties
[19:18:15] [Worker-Main-6/INFO]: [OptiFine] ConnectedTextures: optifine/ctm/default/05_glass_lime/glass_pane_lime.properties
[19:18:15] [Worker-Main-5/INFO]: [OptiFine] Scaled too small texture: minecraft:optifine/ctm/default/empty, 16 -> 64
[19:18:15] [Worker-Main-6/INFO]: [OptiFine] ConnectedTextures: optifine/ctm/default/06_glass_pink/glass_pane_pink.properties
[19:18:15] [Worker-Main-6/INFO]: [OptiFine] ConnectedTextures: optifine/ctm/default/06_glass_pink/glass_pink.properties
[19:18:15] [Worker-Main-6/INFO]: [OptiFine] ConnectedTextures: optifine/ctm/default/07_glass_gray/glass_gray.properties
[19:18:15] [Worker-Main-6/INFO]: [OptiFine] ConnectedTextures: optifine/ctm/default/07_glass_gray/glass_pane_gray.properties
[19:18:15] [Worker-Main-6/INFO]: [OptiFine] ConnectedTextures: optifine/ctm/default/08_glass_light_gray/glass_light_gray.properties
[19:18:15] [Worker-Main-6/INFO]: [OptiFine] ConnectedTextures: optifine/ctm/default/08_glass_light_gray/glass_pane_light_gray.properties
[19:18:15] [Worker-Main-6/INFO]: [OptiFine] ConnectedTextures: optifine/ctm/default/09_glass_cyan/glass_cyan.properties
[19:18:15] [Worker-Main-6/INFO]: [OptiFine] ConnectedTextures: optifine/ctm/default/09_glass_cyan/glass_pane_cyan.properties
[19:18:15] [Worker-Main-6/INFO]: [OptiFine] ConnectedTextures: optifine/ctm/default/10_glass_purple/glass_pane_purple.properties
[19:18:15] [Worker-Main-6/INFO]: [OptiFine] ConnectedTextures: optifine/ctm/default/10_glass_purple/glass_purple.properties
[19:18:15] [Worker-Main-5/INFO]: [OptiFine] Pre-stitch: minecraft:textures/atlas/banner_patterns.png
[19:18:15] [Worker-Main-5/INFO]: [OptiFine] Multitexture: false
[19:18:15] [Worker-Main-4/INFO]: [OptiFine] Sprite size: 64
[19:18:15] [Worker-Main-4/INFO]: [OptiFine] Mipmap levels: 6
[19:18:15] [Worker-Main-6/INFO]: [OptiFine] ConnectedTextures: optifine/ctm/default/11_glass_blue/glass_blue.properties
[19:18:15] [Worker-Main-4/INFO]: [OptiFine] Scaled too small texture: minecraft:missingno, 16 -> 64
[19:18:15] [Worker-Main-4/INFO]: [OptiFine] Scaled too small texture: minecraft:optifine/ctm/default/empty, 16 -> 64
[19:18:15] [Worker-Main-2/INFO]: [OptiFine] Pre-stitch: minecraft:textures/atlas/armor_trims.png
[19:18:15] [Worker-Main-2/INFO]: [OptiFine] Multitexture: false
[19:18:15] [Worker-Main-6/INFO]: [OptiFine] ConnectedTextures: optifine/ctm/default/11_glass_blue/glass_pane_blue.properties
[19:18:15] [Worker-Main-6/INFO]: [OptiFine] ConnectedTextures: optifine/ctm/default/12_glass_brown/glass_brown.properties
[19:18:15] [Worker-Main-6/INFO]: [OptiFine] ConnectedTextures: optifine/ctm/default/12_glass_brown/glass_pane_brown.properties
[19:18:15] [Worker-Main-6/INFO]: [OptiFine] ConnectedTextures: optifine/ctm/default/13_glass_green/glass_green.properties
[19:18:15] [Worker-Main-6/INFO]: [OptiFine] ConnectedTextures: optifine/ctm/default/13_glass_green/glass_pane_green.properties
[19:18:15] [Worker-Main-6/INFO]: [OptiFine] ConnectedTextures: optifine/ctm/default/14_glass_red/glass_pane_red.properties
[19:18:15] [Worker-Main-6/INFO]: [OptiFine] ConnectedTextures: optifine/ctm/default/14_glass_red/glass_red.properties
[19:18:15] [Worker-Main-6/INFO]: [OptiFine] ConnectedTextures: optifine/ctm/default/15_glass_black/glass_black.properties
[19:18:15] [Worker-Main-6/INFO]: [OptiFine] ConnectedTextures: optifine/ctm/default/15_glass_black/glass_pane_black.properties
[19:18:15] [Worker-Main-6/INFO]: [OptiFine] ConnectedTextures: optifine/ctm/default/20_glass/glass.properties
[19:18:15] [Worker-Main-3/INFO]: [OptiFine] Pre-stitch: minecraft:textures/atlas/chest.png
[19:18:15] [Worker-Main-7/INFO]: Found unifont_jp_patch-16.0.01.hex, loading
[19:18:15] [Worker-Main-4/INFO]: [OptiFine] Pre-stitch: minecraft:textures/atlas/decorated_pot.png
[19:18:15] [Worker-Main-4/INFO]: [OptiFine] Multitexture: false
[19:18:15] [Worker-Main-2/INFO]: [OptiFine] Mipmap levels: 4
[19:18:15] [Worker-Main-5/INFO]: [OptiFine] Sprite size: 64
[19:18:15] [Worker-Main-5/INFO]: [OptiFine] Mipmap levels: 6
[19:18:15] [Worker-Main-3/INFO]: [OptiFine] Multitexture: false
[19:18:15] [Worker-Main-6/INFO]: [OptiFine] ConnectedTextures: optifine/ctm/default/20_glass/glass_pane.properties
[19:18:15] [Worker-Main-6/INFO]: [OptiFine] ConnectedTextures: optifine/ctm/default/21_tinted_glass/tinted_glass.properties
[19:18:15] [Worker-Main-6/INFO]: [OptiFine] ConnectedTextures: optifine/ctm/default/30_bookshelf/bookshelf.properties
[19:18:15] [Worker-Main-6/INFO]: [OptiFine] ConnectedTextures: optifine/ctm/default/40_sandstone/sandstone.properties
[19:18:15] [Worker-Main-5/INFO]: [OptiFine] Scaled too small texture: minecraft:missingno, 16 -> 64
[19:18:15] [Worker-Main-6/INFO]: [OptiFine] ConnectedTextures: optifine/ctm/default/41_red_sandstone/red_sandstone.properties
[19:18:15] [Worker-Main-5/INFO]: [OptiFine] Scaled too small texture: minecraft:optifine/ctm/default/empty, 16 -> 64
[19:18:15] [Worker-Main-6/INFO]: [OptiFine] Multipass connected textures: false
[19:18:15] [Worker-Main-6/INFO]: [OptiFine] BetterGrass: Parsing default configuration optifine/bettergrass.properties
[19:18:15] [Worker-Main-5/INFO]: [OptiFine] Pre-stitch: minecraft:textures/atlas/beds.png
[19:18:15] [Worker-Main-3/INFO]: [OptiFine] Sprite size: 64
[19:18:15] [Worker-Main-3/INFO]: [OptiFine] Mipmap levels: 6
[19:18:15] [Worker-Main-5/INFO]: [OptiFine] Multitexture: false
[19:18:15] [Worker-Main-4/INFO]: [OptiFine] Mipmap levels: 4
[19:18:15] [Worker-Main-3/INFO]: [OptiFine] Scaled too small texture: minecraft:missingno, 16 -> 64
[19:18:15] [Worker-Main-3/INFO]: [OptiFine] Scaled too small texture: minecraft:optifine/ctm/default/empty, 16 -> 64
[19:18:15] [Worker-Main-3/INFO]: [OptiFine] Pre-stitch: minecraft:textures/atlas/shulker_boxes.png
[19:18:15] [Worker-Main-3/INFO]: [OptiFine] Multitexture: false
[19:18:15] [Worker-Main-1/INFO]: [OptiFine] Pre-stitch: minecraft:textures/atlas/map_decorations.png
[19:18:15] [Worker-Main-1/INFO]: [OptiFine] Multitexture: false
[19:18:16] [Worker-Main-4/INFO]: [OptiFine] Pre-stitch: minecraft:textures/atlas/particles.png
[19:18:16] [Worker-Main-4/INFO]: [OptiFine] Multitexture: false
[19:18:16] [Worker-Main-1/INFO]: [OptiFine] Pre-stitch: minecraft:textures/atlas/paintings.png
[19:18:16] [Worker-Main-1/INFO]: [OptiFine] Multitexture: false
[19:18:16] [Worker-Main-4/INFO]: [OptiFine] Scaled non power of 2: minecraft:cherry_2, 3 -> 9
[19:18:16] [Worker-Main-4/INFO]: [OptiFine] Scaled non power of 2: minecraft:cherry_1, 3 -> 9
[19:18:16] [Worker-Main-4/INFO]: [OptiFine] Scaled non power of 2: minecraft:cherry_0, 3 -> 9
[19:18:16] [Worker-Main-5/INFO]: [OptiFine] Sprite size: 64
[19:18:16] [Worker-Main-5/INFO]: [OptiFine] Mipmap levels: 6
[19:18:16] [Worker-Main-4/INFO]: [OptiFine] Scaled non power of 2: minecraft:cherry_11, 3 -> 9
[19:18:16] [Worker-Main-4/INFO]: [OptiFine] Scaled non power of 2: minecraft:cherry_10, 3 -> 9
[19:18:16] [Worker-Main-4/INFO]: [OptiFine] Scaled non power of 2: minecraft:pale_oak_9, 5 -> 10
[19:18:16] [Worker-Main-4/INFO]: [OptiFine] Scaled non power of 2: minecraft:pale_oak_8, 5 -> 10
[19:18:16] [Worker-Main-4/INFO]: [OptiFine] Scaled non power of 2: minecraft:pale_oak_3, 5 -> 10
[19:18:16] [Worker-Main-4/INFO]: [OptiFine] Scaled non power of 2: minecraft:pale_oak_2, 5 -> 10
[19:18:16] [Worker-Main-4/INFO]: [OptiFine] Scaled non power of 2: minecraft:pale_oak_1, 5 -> 10
[19:18:16] [Worker-Main-4/INFO]: [OptiFine] Scaled non power of 2: minecraft:pale_oak_0, 5 -> 10
[19:18:16] [Worker-Main-4/INFO]: [OptiFine] Scaled non power of 2: minecraft:pale_oak_7, 5 -> 10
[19:18:16] [Worker-Main-4/INFO]: [OptiFine] Scaled non power of 2: minecraft:pale_oak_6, 5 -> 10
[19:18:16] [Worker-Main-5/INFO]: [OptiFine] Scaled too small texture: minecraft:missingno, 16 -> 64
[19:18:16] [Worker-Main-4/INFO]: [OptiFine] Scaled non power of 2: minecraft:pale_oak_5, 5 -> 10
[19:18:16] [Worker-Main-4/INFO]: [OptiFine] Scaled non power of 2: minecraft:pale_oak_4, 5 -> 10
[19:18:16] [Worker-Main-3/INFO]: [OptiFine] Sprite size: 64
[19:18:16] [Worker-Main-3/INFO]: [OptiFine] Mipmap levels: 6
[19:18:16] [Worker-Main-4/INFO]: [OptiFine] Scaled non power of 2: minecraft:pale_oak_11, 5 -> 10
[19:18:16] [Worker-Main-4/INFO]: [OptiFine] Scaled non power of 2: minecraft:pale_oak_10, 5 -> 10
[19:18:16] [Worker-Main-4/INFO]: [OptiFine] Scaled non power of 2: minecraft:trial_omen, 5 -> 10
[19:18:16] [Worker-Main-5/INFO]: [OptiFine] Scaled too small texture: minecraft:optifine/ctm/default/empty, 16 -> 64
[19:18:16] [Worker-Main-4/INFO]: [OptiFine] Scaled non power of 2: minecraft:raid_omen, 5 -> 10
[19:18:16] [Worker-Main-4/INFO]: [OptiFine] Scaled non power of 2: minecraft:cherry_6, 3 -> 9
[19:18:16] [Worker-Main-4/INFO]: [OptiFine] Scaled non power of 2: minecraft:cherry_5, 3 -> 9
[19:18:16] [Worker-Main-3/INFO]: [OptiFine] Scaled too small texture: minecraft:missingno, 16 -> 64
[19:18:16] [Worker-Main-4/INFO]: [OptiFine] Scaled non power of 2: minecraft:cherry_4, 3 -> 9
[19:18:16] [Worker-Main-4/INFO]: [OptiFine] Scaled non power of 2: minecraft:cherry_3, 3 -> 9
[19:18:16] [Worker-Main-3/INFO]: [OptiFine] Scaled too small texture: minecraft:optifine/ctm/default/empty, 16 -> 64
[19:18:16] [Worker-Main-4/INFO]: [OptiFine] Scaled non power of 2: minecraft:cherry_9, 3 -> 9
[19:18:16] [Worker-Main-4/INFO]: [OptiFine] Scaled non power of 2: minecraft:cherry_8, 3 -> 9
[19:18:16] [Worker-Main-4/INFO]: [OptiFine] Scaled non power of 2: minecraft:cherry_7, 3 -> 9
[19:18:16] [Worker-Main-1/INFO]: [OptiFine] Pre-stitch: minecraft:textures/atlas/mob_effects.png
[19:18:16] [Worker-Main-1/INFO]: [OptiFine] Multitexture: false
[19:18:16] [Worker-Main-5/INFO]: [OptiFine] Pre-stitch: minecraft:textures/atlas/gui.png
[19:18:16] [Worker-Main-5/INFO]: [OptiFine] Multitexture: false
[19:18:16] [Worker-Main-1/INFO]: [OptiFine] Scaled non power of 2: minecraft:container/bundle/bundle_progressbar_fill, 6 -> 12
[19:18:16] [Worker-Main-1/INFO]: [OptiFine] Scaled non power of 2: minecraft:widget/scroller_background, 6 -> 12
[19:18:16] [Worker-Main-1/INFO]: [OptiFine] Scaled non power of 2: minecraft:container/bundle/bundle_progressbar_full, 6 -> 12
[19:18:16] [Worker-Main-1/INFO]: [OptiFine] Scaled non power of 2: minecraft:container/villager/scroller, 6 -> 12
[19:18:16] [Worker-Main-1/INFO]: [OptiFine] Scaled non power of 2: minecraft:widget/scroller, 6 -> 12
[19:18:16] [Worker-Main-1/INFO]: [OptiFine] Scaled non power of 2: minecraft:container/villager/scroller_disabled, 6 -> 12
[19:18:19] [Worker-Main-6/INFO]: [OptiFine] Mipmap levels: 4
[19:18:21] [Render thread/INFO]: OpenAL initialized on device OpenAL Soft on Headphone (Realtek(R) Audio)
[19:18:21] [Render thread/INFO]: Sound engine started
[19:18:21] [Render thread/INFO]: Created: 1024x1024x4 minecraft:textures/atlas/blocks.png-atlas
[19:18:21] [Render thread/INFO]: [Shaders] Allocate texture map normal: 1024x1024, mipmaps: 4
[19:18:21] [Render thread/INFO]: [Shaders] Allocate texture map specular: 1024x1024, mipmaps: 4
[19:18:21] [Render thread/INFO]: [OptiFine] Animated sprites: 51
[19:18:21] [Render thread/INFO]: Created: 256x256x4 minecraft:textures/atlas/signs.png-atlas
[19:18:21] [Render thread/INFO]: [Shaders] Allocate texture map normal: 256x256, mipmaps: 4
[19:18:21] [Render thread/INFO]: [Shaders] Allocate texture map specular: 256x256, mipmaps: 4
[19:18:21] [Render thread/INFO]: [OptiFine] Animated sprites: 0
[19:18:21] [Render thread/INFO]: Created: 512x512x4 minecraft:textures/atlas/shield_patterns.png-atlas
[19:18:21] [Render thread/INFO]: [Shaders] Allocate texture map normal: 512x512, mipmaps: 4
[19:18:21] [Render thread/INFO]: [Shaders] Allocate texture map specular: 512x512, mipmaps: 4
[19:18:21] [Render thread/INFO]: [OptiFine] Animated sprites: 0
[19:18:21] [Render thread/INFO]: Created: 512x512x4 minecraft:textures/atlas/banner_patterns.png-atlas
[19:18:21] [Render thread/INFO]: [Shaders] Allocate texture map normal: 512x512, mipmaps: 4
[19:18:21] [Render thread/INFO]: [Shaders] Allocate texture map specular: 512x512, mipmaps: 4
[19:18:21] [Render thread/INFO]: [OptiFine] Animated sprites: 0
[19:18:21] [Render thread/INFO]: Created: 2048x1024x4 minecraft:textures/atlas/armor_trims.png-atlas
[19:18:21] [Render thread/INFO]: [Shaders] Allocate texture map normal: 2048x1024, mipmaps: 4
[19:18:21] [Render thread/INFO]: [Shaders] Allocate texture map specular: 2048x1024, mipmaps: 4
[19:18:21] [Render thread/INFO]: [OptiFine] Animated sprites: 0
[19:18:21] [Render thread/INFO]: Created: 128x64x4 minecraft:textures/atlas/decorated_pot.png-atlas
[19:18:21] [Render thread/INFO]: [Shaders] Allocate texture map normal: 128x64, mipmaps: 4
[19:18:21] [Render thread/INFO]: [Shaders] Allocate texture map specular: 128x64, mipmaps: 4
[19:18:21] [Render thread/INFO]: [OptiFine] Animated sprites: 0
[19:18:21] [Render thread/INFO]: Created: 256x256x4 minecraft:textures/atlas/chest.png-atlas
[19:18:21] [Render thread/INFO]: [Shaders] Allocate texture map normal: 256x256, mipmaps: 4
[19:18:21] [Render thread/INFO]: [Shaders] Allocate texture map specular: 256x256, mipmaps: 4
[19:18:21] [Render thread/INFO]: [OptiFine] Animated sprites: 0
[19:18:21] [Render thread/INFO]: Created: 512x256x4 minecraft:textures/atlas/beds.png-atlas
[19:18:21] [Render thread/INFO]: [Shaders] Allocate texture map normal: 512x256, mipmaps: 4
[19:18:21] [Render thread/INFO]: [Shaders] Allocate texture map specular: 512x256, mipmaps: 4
[19:18:21] [Render thread/INFO]: [OptiFine] Animated sprites: 0
[19:18:21] [Render thread/INFO]: Created: 512x256x4 minecraft:textures/atlas/shulker_boxes.png-atlas
[19:18:21] [Render thread/INFO]: [Shaders] Allocate texture map normal: 512x256, mipmaps: 4
[19:18:21] [Render thread/INFO]: [Shaders] Allocate texture map specular: 512x256, mipmaps: 4
[19:18:21] [Render thread/INFO]: [OptiFine] Animated sprites: 0
[19:18:21] [Render thread/INFO]: Created: 64x64x0 minecraft:textures/atlas/map_decorations.png-atlas
[19:18:21] [Render thread/INFO]: [Shaders] Allocate texture map normal: 64x64, mipmaps: 0
[19:18:21] [Render thread/INFO]: [Shaders] Allocate texture map specular: 64x64, mipmaps: 0
[19:18:21] [Render thread/INFO]: [OptiFine] Animated sprites: 0
[19:18:21] [Render thread/INFO]: Created: 512x256x0 minecraft:textures/atlas/particles.png-atlas
[19:18:21] [Render thread/INFO]: [Shaders] Allocate texture map normal: 512x256, mipmaps: 0
[19:18:21] [Render thread/INFO]: [Shaders] Allocate texture map specular: 512x256, mipmaps: 0
[19:18:21] [Render thread/INFO]: [OptiFine] Animated sprites: 1
[19:18:21] [Render thread/INFO]: Created: 512x256x0 minecraft:textures/atlas/paintings.png-atlas
[19:18:21] [Render thread/INFO]: [Shaders] Allocate texture map normal: 512x256, mipmaps: 0
[19:18:21] [Render thread/INFO]: [Shaders] Allocate texture map specular: 512x256, mipmaps: 0
[19:18:21] [Render thread/INFO]: [OptiFine] Animated sprites: 0
[19:18:21] [Render thread/INFO]: Created: 256x128x0 minecraft:textures/atlas/mob_effects.png-atlas
[19:18:21] [Render thread/INFO]: [Shaders] Allocate texture map normal: 256x128, mipmaps: 0
[19:18:21] [Render thread/INFO]: [Shaders] Allocate texture map specular: 256x128, mipmaps: 0
[19:18:21] [Render thread/INFO]: [OptiFine] Animated sprites: 0
[19:18:21] [Render thread/INFO]: Created: 1024x512x0 minecraft:textures/atlas/gui.png-atlas
[19:18:21] [Render thread/INFO]: [Shaders] Allocate texture map normal: 1024x512, mipmaps: 0
[19:18:21] [Render thread/INFO]: [Shaders] Allocate texture map specular: 1024x512, mipmaps: 0
[19:18:21] [Render thread/INFO]: [OptiFine] Animated sprites: 2
[19:18:21] [Render thread/INFO]: [OptiFine] *** Reloading custom textures ***
[19:18:22] [Render thread/WARN]: [OptiFine] Model renderer not found, model: banner, name: slate
[19:18:22] [Render thread/WARN]: [OptiFine] Model renderer not found, model: banner, name: stand
[19:18:22] [Render thread/WARN]: [OptiFine] Model renderer not found, model: banner, name: top
[19:18:22] [Render thread/WARN]: [OptiFine] Error registering CEM model: oak_hanging_sign, java.lang.NullPointerException: Cannot invoke "gcx.e()" because "model" is null
[19:18:22] [Render thread/WARN]: [OptiFine] Error registering CEM model: spruce_hanging_sign, java.lang.NullPointerException: Cannot invoke "gcx.e()" because "model" is null
[19:18:22] [Render thread/WARN]: [OptiFine] Error registering CEM model: birch_hanging_sign, java.lang.NullPointerException: Cannot invoke "gcx.e()" because "model" is null
[19:18:22] [Render thread/WARN]: [OptiFine] Error registering CEM model: acacia_hanging_sign, java.lang.NullPointerException: Cannot invoke "gcx.e()" because "model" is null
[19:18:22] [Render thread/WARN]: [OptiFine] Error registering CEM model: cherry_hanging_sign, java.lang.NullPointerException: Cannot invoke "gcx.e()" because "model" is null
[19:18:22] [Render thread/WARN]: [OptiFine] Error registering CEM model: jungle_hanging_sign, java.lang.NullPointerException: Cannot invoke "gcx.e()" because "model" is null
[19:18:22] [Render thread/WARN]: [OptiFine] Error registering CEM model: dark_oak_hanging_sign, java.lang.NullPointerException: Cannot invoke "gcx.e()" because "model" is null
[19:18:22] [Render thread/WARN]: [OptiFine] Error registering CEM model: pale_oak_hanging_sign, java.lang.NullPointerException: Cannot invoke "gcx.e()" because "model" is null
[19:18:22] [Render thread/WARN]: [OptiFine] Error registering CEM model: crimson_hanging_sign, java.lang.NullPointerException: Cannot invoke "gcx.e()" because "model" is null
[19:18:22] [Render thread/WARN]: [OptiFine] Error registering CEM model: warped_hanging_sign, java.lang.NullPointerException: Cannot invoke "gcx.e()" because "model" is null
[19:18:22] [Render thread/WARN]: [OptiFine] Error registering CEM model: mangrove_hanging_sign, java.lang.NullPointerException: Cannot invoke "gcx.e()" because "model" is null
[19:18:22] [Render thread/WARN]: [OptiFine] Error registering CEM model: bamboo_hanging_sign, java.lang.NullPointerException: Cannot invoke "gcx.e()" because "model" is null
[19:18:22] [Render thread/INFO]: [OptiFine] Disable Forge light pipeline
[19:18:23] [pool-5-thread-1/INFO]: check internet connection https://auth.tlauncher.org/skin/api/check.bin timeout 1500 ms
[19:18:24] [pool-5-thread-1/INFO]: passed auth.tlauncher.org within 727 ms
[19:18:34] [Server Pinger #0/ERROR]: Can't ping play.mcfleet.net: Unknown host
[19:18:34] [Render thread/ERROR]: Can't ping transient_eterna.aternos.me:47547: Internal Exception: java.net.SocketException: Connection reset
[19:18:34] [Render thread/ERROR]: Can't ping BhaiyonKaAddaHogyaPh.aternos.me:46297: Internal Exception: java.net.SocketException: Connection reset
[19:18:34] [Render thread/ERROR]: Can't ping GTBITIT.aternos.me:25484: Internal Exception: java.net.SocketException: Connection reset
[19:18:36] [Render thread/INFO]: Connecting to yaaran_da_server.aternos.me, 25565
[19:18:42] [Render thread/INFO]: [System] [CHAT] A new §eOptiFine§f version is available: §eï¿½nHD Ultra J3ï¿½r§f
[19:18:42] [Render thread/INFO]: [Shaders] Program loaded: world0/shadow
[19:18:42] [Render thread/INFO]: [Shaders] Program loaded: world0/gbuffers_skybasic
[19:18:43] [Render thread/INFO]: [Shaders] Program loaded: world0/gbuffers_skytextured
[19:18:43] [Render thread/INFO]: [Shaders] Program loaded: world0/gbuffers_clouds
[19:18:43] [Render thread/INFO]: [Shaders] Program loaded: world0/gbuffers_terrain
[19:18:43] [Render thread/INFO]: [Shaders] Program loaded: world0/gbuffers_entities
[19:18:43] [Render thread/INFO]: [Shaders] Program loaded: world0/gbuffers_hand
[19:18:43] [Render thread/INFO]: [Shaders] Program loaded: world0/deferred
[19:18:43] [Render thread/INFO]: [Shaders] Program loaded: world0/gbuffers_water
[19:18:43] [Render thread/INFO]: [Shaders] Program loaded: world0/composite
[19:18:43] [Render thread/INFO]: [Shaders] Program loaded: world0/composite1
[19:18:43] [Render thread/INFO]: [Shaders] Program loaded: world0/composite2
[19:18:43] [Render thread/INFO]: [Shaders] Program loaded: world0/composite3
[19:18:43] [Render thread/INFO]: [Shaders] Program loaded: world0/composite4
[19:18:43] [Render thread/INFO]: [Shaders] Program loaded: world0/final
[19:18:43] [Render thread/INFO]: [Shaders] usedColorBuffers: 4
[19:18:43] [Render thread/INFO]: [Shaders] usedDepthBuffers: 1
[19:18:43] [Render thread/INFO]: [Shaders] usedShadowColorBuffers: 0
[19:18:43] [Render thread/INFO]: [Shaders] usedShadowDepthBuffers: 0
[19:18:43] [Render thread/INFO]: [Shaders] usedColorAttachs: 4
[19:18:43] [Render thread/INFO]: [Shaders] usedDrawBuffers: 4
[19:18:43] [Render thread/INFO]: [Shaders] bindImageTextures: false
[19:18:43] [Render thread/INFO]: [Shaders] Framebuffer created: dfb
[19:18:43] [Render thread/INFO]: [Shaders] Reset model renderers
[19:18:43] [Render thread/INFO]: [Shaders] Reset world renderers
[19:18:43] [Render thread/INFO]: Loaded 598 advancements
[19:18:43] [pool-4-thread-1/INFO]: do head request -> https://auth.tlauncher.org/skin/v1/profile/texture/login/SRTeam RequestMetadata(lastModified=null, eTag=W/a498c50c55c8fb0720e0d513251167a6, sha1=d070279e8acc5bbbd17bb581ecccb19442b13354) local file C:\Users\tusha\AppData\Roaming\.minecraft\cache\https_auth.tlauncher.org\skin\v1\profile\texture\login\SRTeam
[19:18:43] [Render thread/INFO]: calculated cape performance:TEXTURE_272, middle time: 2.0
[19:18:43] [pool-4-thread-1/INFO]: do head request -> https://auth.tlauncher.org/skin/fileservice/skins/skin_srteam.png RequestMetadata(lastModified=null, eTag=fd5d1e367087d7ea27c0c38315a466a6, sha1=636453e2ec130f16b759036b8c2b4eb037838750) local file C:\Users\tusha\AppData\Roaming\.minecraft\cache\https_auth.tlauncher.org\skin\fileservice\skins\skin_srteam.png
[19:18:44] [Render thread/INFO]: can use texture size:TEXTURE_272, middle time: 1.4
[19:18:46] [pool-4-thread-1/INFO]: do head request -> http://textures.minecraft.net/texture/7658c5025c77cfac7574aab3af94a46a8886e3b7722a895255fbf22ab8652434 RequestMetadata(lastModified=Fri, 11 Oct 2024 19:56:46 GMT, eTag=0x8DCEA2ED65A761F, sha1=1ebb6a04705ef46e0d18923f1c0558fea26300a1) local file C:\Users\tusha\AppData\Roaming\.minecraft\cache\http_textures.minecraft.net\texture\7658c5025c77cfac7574aab3af94a46a8886e3b7722a895255fbf22ab8652434
[19:24:26] [Render thread/ERROR]: Can't ping GTBITIT.aternos.me:25484: Internal Exception: java.net.SocketException: Connection reset
[19:24:26] [Render thread/ERROR]: Can't ping transient_eterna.aternos.me:47547: Internal Exception: java.net.SocketException: Connection reset
[19:24:26] [Render thread/ERROR]: Can't ping BhaiyonKaAddaHogyaPh.aternos.me:46297: Internal Exception: java.net.SocketException: Connection reset
[19:24:32] [Render thread/INFO]: Stopping!
